2018-11-26 07:58:33.573  INFO 4728 --- [main] com.doHelp.DoHelpProjectApplication      : Starting DoHelpProjectApplication on PC-20161006RBVL with PID 4728 (C:\Users\Administrator\Documents\workspace-sts-3.9.4.RELEASE\doHelpProject\target\classes started by Administrator in C:\Users\Administrator\Documents\workspace-sts-3.9.4.RELEASE\doHelpProject)
2018-11-26 07:58:33.582  INFO 4728 --- [main] com.doHelp.DoHelpProjectApplication      : No active profile set, falling back to default profiles: default
2018-11-26 07:58:34.428  INFO 4728 --- [main] .s.d.r.c.RepositoryConfigurationDelegate : Multiple Spring Data modules found, entering strict repository configuration mode!
2018-11-26 07:58:34.431  INFO 4728 --- [main] .s.d.r.c.RepositoryConfigurationDelegate : Bootstrapping Spring Data repositories in DEFAULT mode.
2018-11-26 07:58:34.488  INFO 4728 --- [main] .s.d.r.c.RepositoryConfigurationDelegate : Finished Spring Data repository scanning in 42ms. Found 0 repository interfaces.
2018-11-26 07:58:35.078  INFO 4728 --- [main] o.s.b.w.embedded.tomcat.TomcatWebServer  : Tomcat initialized with port(s): 8888 (http)
2018-11-26 07:58:35.097  INFO 4728 --- [main] o.apache.catalina.core.StandardService   : Starting service [Tomcat]
2018-11-26 07:58:35.098  INFO 4728 --- [main] org.apache.catalina.core.StandardEngine  : Starting Servlet Engine: Apache Tomcat/9.0.12
2018-11-26 07:58:35.105  INFO 4728 --- [main] o.a.catalina.core.AprLifecycleListener   : The APR based Apache Tomcat Native library which allows optimal performance in production environments was not found on the java.library.path: [C:\Program Files\Java\jdk1.8.0_102\jre\bin;C:\Windows\Sun\Java\bin;C:\Windows\system32;C:\Windows;C:/Program Files/Java/jre1.8.0_102/bin/server;C:/Program Files/Java/jre1.8.0_102/bin;C:/Program Files/Java/jre1.8.0_102/lib/amd64;E:\专业作业\Scripts\;E:\专业作业\;C:\ProgramData\Oracle\Java\javapath;C:\Program Files (x86)\Common Files\Microsoft Shared\Windows Live;C:\Windows\system32;C:\Windows;C:\Windows\System32\Wbem;C:\Windows\System32\WindowsPowerShell\v1.0\;C:\Program Files\Microsoft SQL Server\110\Tools\Binn\;C:\Program Files (x86)\Microsoft SQL Server\110\Tools\Binn\;C:\Program Files\Microsoft SQL Server\110\DTS\Binn\;C:\Program Files (x86)\Microsoft SQL Server\110\Tools\Binn\ManagementStudio\;C:\Program Files (x86)\Microsoft Visual Studio 10.0\Common7\IDE\PrivateAssemblies\;C:\Program Files (x86)\Microsoft SQL Server\110\DTS\Binn\;E:\JAVA\bin;C:\Program Files (x86)\NVIDIA Corporation\PhysX\Common;E:\pythons\python;C:\Program Files (x86)\GtkSharp\2.12\bin;C:\Progr;.C:\Program Files\Java\jdk1.8.0_102\bin;C:\Program Files\Java\jdk1.8.0_102\jre\bin;E:\Mysql\Maven\apache-maven-3.5.4\bin;E:\Mysql\redis\Redis-x64-3.2.100;C:\Program Files\Common Files\Microsoft Shared\Windows Live;E:\Mysql\mysql-5.6.39-winx64\bin;E:\Spring tool suite\spring-tool-suite-3.9.4.RELEASE-e4.7.3a-win32-x86_64\sts-bundle\sts-3.9.4.RELEASE;;.]
2018-11-26 07:58:35.214  INFO 4728 --- [main] o.a.c.c.C.[Tomcat].[localhost].[/]       : Initializing Spring embedded WebApplicationContext
2018-11-26 07:58:35.214  INFO 4728 --- [main] o.s.web.context.ContextLoader            : Root WebApplicationContext: initialization completed in 1579 ms
2018-11-26 07:58:35.241  INFO 4728 --- [main] o.s.b.w.servlet.ServletRegistrationBean  : Servlet dispatcherServlet mapped to [/]
2018-11-26 07:58:35.247  INFO 4728 --- [main] o.s.b.w.servlet.FilterRegistrationBean   : Mapping filter: 'characterEncodingFilter' to: [/*]
2018-11-26 07:58:35.248  INFO 4728 --- [main] o.s.b.w.servlet.FilterRegistrationBean   : Mapping filter: 'hiddenHttpMethodFilter' to: [/*]
2018-11-26 07:58:35.248  INFO 4728 --- [main] o.s.b.w.servlet.FilterRegistrationBean   : Mapping filter: 'formContentFilter' to: [/*]
2018-11-26 07:58:35.248  INFO 4728 --- [main] o.s.b.w.servlet.FilterRegistrationBean   : Mapping filter: 'requestContextFilter' to: [/*]
2018-11-26 07:58:35.715  INFO 4728 --- [main] o.s.s.concurrent.ThreadPoolTaskExecutor  : Initializing ExecutorService 'applicationTaskExecutor'
2018-11-26 07:58:36.271  INFO 4728 --- [main] o.s.b.w.embedded.tomcat.TomcatWebServer  : Tomcat started on port(s): 8888 (http) with context path ''
2018-11-26 07:58:36.275  INFO 4728 --- [main] com.doHelp.DoHelpProjectApplication      : Started DoHelpProjectApplication in 3.099 seconds (JVM running for 4.008)
2018-11-26 07:58:45.167  INFO 4728 --- [http-nio-8888-exec-1] o.a.c.c.C.[Tomcat].[localhost].[/]       : Initializing Spring DispatcherServlet 'dispatcherServlet'
2018-11-26 07:58:45.168  INFO 4728 --- [http-nio-8888-exec-1] o.s.web.servlet.DispatcherServlet        : Initializing Servlet 'dispatcherServlet'
2018-11-26 07:58:45.177  INFO 4728 --- [http-nio-8888-exec-1] o.s.web.servlet.DispatcherServlet        : Completed initialization in 8 ms
2018-11-26 07:58:45.197  WARN 4728 --- [http-nio-8888-exec-1] o.s.web.servlet.PageNotFound             : No mapping for GET /
2018-11-26 07:58:45.216  INFO 4728 --- [http-nio-8888-exec-1] com.doHelp.interceptors.MyInterceptor    : ------:跳转到login页面！
2018-11-26 07:58:45.217  INFO 4728 --- [http-nio-8888-exec-1] com.doHelp.interceptors.MyInterceptor    : ------preHandle------
2018-11-26 07:58:45.923  INFO 4728 --- [http-nio-8888-exec-5] com.doHelp.interceptors.MyInterceptor    : ------:跳转到login页面！
2018-11-26 07:58:45.923  INFO 4728 --- [http-nio-8888-exec-5] com.doHelp.interceptors.MyInterceptor    : ------preHandle------
2018-11-26 07:58:48.002  INFO 4728 --- [http-nio-8888-exec-10] io.lettuce.core.EpollProvider            : Starting without optional epoll library
2018-11-26 07:58:48.003  INFO 4728 --- [http-nio-8888-exec-10] io.lettuce.core.KqueueProvider           : Starting without optional kqueue library
2018-11-26 08:06:35.696  INFO 4728 --- [RMI TCP Connection(2)-127.0.0.1] inMXBeanRegistrar$SpringApplicationAdmin : Application shutdown requested.
2018-11-26 08:06:35.700  INFO 4728 --- [RMI TCP Connection(2)-127.0.0.1] o.s.s.concurrent.ThreadPoolTaskExecutor  : Shutting down ExecutorService 'applicationTaskExecutor'
2018-11-26 08:07:02.564  INFO 2288 --- [main] com.doHelp.DoHelpProjectApplication      : Starting DoHelpProjectApplication on PC-20161006RBVL with PID 2288 (C:\Users\Administrator\Documents\workspace-sts-3.9.4.RELEASE\doHelpProject\target\classes started by Administrator in C:\Users\Administrator\Documents\workspace-sts-3.9.4.RELEASE\doHelpProject)
2018-11-26 08:07:02.568  INFO 2288 --- [main] com.doHelp.DoHelpProjectApplication      : No active profile set, falling back to default profiles: default
2018-11-26 08:07:03.464  INFO 2288 --- [main] .s.d.r.c.RepositoryConfigurationDelegate : Multiple Spring Data modules found, entering strict repository configuration mode!
2018-11-26 08:07:03.466  INFO 2288 --- [main] .s.d.r.c.RepositoryConfigurationDelegate : Bootstrapping Spring Data repositories in DEFAULT mode.
2018-11-26 08:07:03.522  INFO 2288 --- [main] .s.d.r.c.RepositoryConfigurationDelegate : Finished Spring Data repository scanning in 42ms. Found 0 repository interfaces.
2018-11-26 08:07:04.088  INFO 2288 --- [main] o.s.b.w.embedded.tomcat.TomcatWebServer  : Tomcat initialized with port(s): 8888 (http)
2018-11-26 08:07:04.108  INFO 2288 --- [main] o.apache.catalina.core.StandardService   : Starting service [Tomcat]
2018-11-26 08:07:04.108  INFO 2288 --- [main] org.apache.catalina.core.StandardEngine  : Starting Servlet Engine: Apache Tomcat/9.0.12
2018-11-26 08:07:04.115  INFO 2288 --- [main] o.a.catalina.core.AprLifecycleListener   : The APR based Apache Tomcat Native library which allows optimal performance in production environments was not found on the java.library.path: [C:\Program Files\Java\jdk1.8.0_102\jre\bin;C:\Windows\Sun\Java\bin;C:\Windows\system32;C:\Windows;C:/Program Files/Java/jre1.8.0_102/bin/server;C:/Program Files/Java/jre1.8.0_102/bin;C:/Program Files/Java/jre1.8.0_102/lib/amd64;E:\专业作业\Scripts\;E:\专业作业\;C:\ProgramData\Oracle\Java\javapath;C:\Program Files (x86)\Common Files\Microsoft Shared\Windows Live;C:\Windows\system32;C:\Windows;C:\Windows\System32\Wbem;C:\Windows\System32\WindowsPowerShell\v1.0\;C:\Program Files\Microsoft SQL Server\110\Tools\Binn\;C:\Program Files (x86)\Microsoft SQL Server\110\Tools\Binn\;C:\Program Files\Microsoft SQL Server\110\DTS\Binn\;C:\Program Files (x86)\Microsoft SQL Server\110\Tools\Binn\ManagementStudio\;C:\Program Files (x86)\Microsoft Visual Studio 10.0\Common7\IDE\PrivateAssemblies\;C:\Program Files (x86)\Microsoft SQL Server\110\DTS\Binn\;E:\JAVA\bin;C:\Program Files (x86)\NVIDIA Corporation\PhysX\Common;E:\pythons\python;C:\Program Files (x86)\GtkSharp\2.12\bin;C:\Progr;.C:\Program Files\Java\jdk1.8.0_102\bin;C:\Program Files\Java\jdk1.8.0_102\jre\bin;E:\Mysql\Maven\apache-maven-3.5.4\bin;E:\Mysql\redis\Redis-x64-3.2.100;C:\Program Files\Common Files\Microsoft Shared\Windows Live;E:\Mysql\mysql-5.6.39-winx64\bin;E:\Spring tool suite\spring-tool-suite-3.9.4.RELEASE-e4.7.3a-win32-x86_64\sts-bundle\sts-3.9.4.RELEASE;;.]
2018-11-26 08:07:04.217  INFO 2288 --- [main] o.a.c.c.C.[Tomcat].[localhost].[/]       : Initializing Spring embedded WebApplicationContext
2018-11-26 08:07:04.217  INFO 2288 --- [main] o.s.web.context.ContextLoader            : Root WebApplicationContext: initialization completed in 1597 ms
2018-11-26 08:07:04.262  INFO 2288 --- [main] o.s.b.w.servlet.ServletRegistrationBean  : Servlet dispatcherServlet mapped to [/]
2018-11-26 08:07:04.268  INFO 2288 --- [main] o.s.b.w.servlet.FilterRegistrationBean   : Mapping filter: 'characterEncodingFilter' to: [/*]
2018-11-26 08:07:04.269  INFO 2288 --- [main] o.s.b.w.servlet.FilterRegistrationBean   : Mapping filter: 'hiddenHttpMethodFilter' to: [/*]
2018-11-26 08:07:04.269  INFO 2288 --- [main] o.s.b.w.servlet.FilterRegistrationBean   : Mapping filter: 'formContentFilter' to: [/*]
2018-11-26 08:07:04.270  INFO 2288 --- [main] o.s.b.w.servlet.FilterRegistrationBean   : Mapping filter: 'requestContextFilter' to: [/*]
2018-11-26 08:07:04.758  INFO 2288 --- [main] o.s.s.concurrent.ThreadPoolTaskExecutor  : Initializing ExecutorService 'applicationTaskExecutor'
2018-11-26 08:07:05.228  INFO 2288 --- [main] o.s.b.w.embedded.tomcat.TomcatWebServer  : Tomcat started on port(s): 8888 (http) with context path ''
2018-11-26 08:07:05.232  INFO 2288 --- [main] com.doHelp.DoHelpProjectApplication      : Started DoHelpProjectApplication in 3.114 seconds (JVM running for 3.96)
2018-11-26 08:08:01.032  INFO 2288 --- [http-nio-8888-exec-1] o.a.c.c.C.[Tomcat].[localhost].[/]       : Initializing Spring DispatcherServlet 'dispatcherServlet'
2018-11-26 08:08:01.033  INFO 2288 --- [http-nio-8888-exec-1] o.s.web.servlet.DispatcherServlet        : Initializing Servlet 'dispatcherServlet'
2018-11-26 08:08:01.041  INFO 2288 --- [http-nio-8888-exec-1] o.s.web.servlet.DispatcherServlet        : Completed initialization in 8 ms
2018-11-26 08:08:01.060  WARN 2288 --- [http-nio-8888-exec-1] o.s.web.servlet.PageNotFound             : No mapping for GET /
2018-11-26 08:08:01.076  INFO 2288 --- [http-nio-8888-exec-1] com.doHelp.interceptors.MyInterceptor    : ------:跳转到login页面！
2018-11-26 08:08:01.077  INFO 2288 --- [http-nio-8888-exec-1] com.doHelp.interceptors.MyInterceptor    : ------preHandle------
2018-11-26 08:08:01.767  INFO 2288 --- [http-nio-8888-exec-3] com.doHelp.interceptors.MyInterceptor    : ------:跳转到login页面！
2018-11-26 08:08:01.767  INFO 2288 --- [http-nio-8888-exec-3] com.doHelp.interceptors.MyInterceptor    : ------preHandle------
2018-11-26 08:08:59.828  INFO 2288 --- [http-nio-8888-exec-5] io.lettuce.core.EpollProvider            : Starting without optional epoll library
2018-11-26 08:08:59.829  INFO 2288 --- [http-nio-8888-exec-5] io.lettuce.core.KqueueProvider           : Starting without optional kqueue library
2018-11-26 08:51:59.217  INFO 2288 --- [http-nio-8888-exec-4] com.doHelp.interceptors.MyInterceptor    : ------:跳转到login页面！
2018-11-26 08:51:59.217  INFO 2288 --- [http-nio-8888-exec-4] com.doHelp.interceptors.MyInterceptor    : ------preHandle------
2018-11-26 08:51:59.393  INFO 2288 --- [http-nio-8888-exec-7] com.doHelp.interceptors.MyInterceptor    : ------:跳转到login页面！
2018-11-26 08:51:59.393  INFO 2288 --- [http-nio-8888-exec-7] com.doHelp.interceptors.MyInterceptor    : ------preHandle------
2018-11-26 09:56:57.146  INFO 2288 --- [http-nio-8888-exec-3] com.doHelp.interceptors.MyInterceptor    : ------:跳转到login页面！
2018-11-26 09:56:57.147  INFO 2288 --- [http-nio-8888-exec-3] com.doHelp.interceptors.MyInterceptor    : ------preHandle------
2018-11-26 09:56:57.587  INFO 2288 --- [http-nio-8888-exec-4] com.doHelp.interceptors.MyInterceptor    : ------:跳转到login页面！
2018-11-26 09:56:57.587  INFO 2288 --- [http-nio-8888-exec-4] com.doHelp.interceptors.MyInterceptor    : ------preHandle------
2018-11-26 09:58:30.563  INFO 2288 --- [RMI TCP Connection(2)-127.0.0.1] inMXBeanRegistrar$SpringApplicationAdmin : Application shutdown requested.
2018-11-26 09:58:30.566  INFO 2288 --- [RMI TCP Connection(2)-127.0.0.1] o.s.s.concurrent.ThreadPoolTaskExecutor  : Shutting down ExecutorService 'applicationTaskExecutor'
2018-11-26 09:58:50.341  INFO 51432 --- [main] com.doHelp.DoHelpProjectApplication      : Starting DoHelpProjectApplication on PC-20161006RBVL with PID 51432 (C:\Users\Administrator\Documents\workspace-sts-3.9.4.RELEASE\doHelpProject\target\classes started by Administrator in C:\Users\Administrator\Documents\workspace-sts-3.9.4.RELEASE\doHelpProject)
2018-11-26 09:58:50.344  INFO 51432 --- [main] com.doHelp.DoHelpProjectApplication      : No active profile set, falling back to default profiles: default
2018-11-26 09:58:51.222  INFO 51432 --- [main] .s.d.r.c.RepositoryConfigurationDelegate : Multiple Spring Data modules found, entering strict repository configuration mode!
2018-11-26 09:58:51.225  INFO 51432 --- [main] .s.d.r.c.RepositoryConfigurationDelegate : Bootstrapping Spring Data repositories in DEFAULT mode.
2018-11-26 09:58:51.274  INFO 51432 --- [main] .s.d.r.c.RepositoryConfigurationDelegate : Finished Spring Data repository scanning in 33ms. Found 0 repository interfaces.
2018-11-26 09:58:51.787  INFO 51432 --- [main] o.s.b.w.embedded.tomcat.TomcatWebServer  : Tomcat initialized with port(s): 8888 (http)
2018-11-26 09:58:51.802  INFO 51432 --- [main] o.apache.catalina.core.StandardService   : Starting service [Tomcat]
2018-11-26 09:58:51.803  INFO 51432 --- [main] org.apache.catalina.core.StandardEngine  : Starting Servlet Engine: Apache Tomcat/9.0.12
2018-11-26 09:58:51.811  INFO 51432 --- [main] o.a.catalina.core.AprLifecycleListener   : The APR based Apache Tomcat Native library which allows optimal performance in production environments was not found on the java.library.path: [C:\Program Files\Java\jdk1.8.0_102\jre\bin;C:\Windows\Sun\Java\bin;C:\Windows\system32;C:\Windows;C:/Program Files/Java/jre1.8.0_102/bin/server;C:/Program Files/Java/jre1.8.0_102/bin;C:/Program Files/Java/jre1.8.0_102/lib/amd64;E:\专业作业\Scripts\;E:\专业作业\;C:\ProgramData\Oracle\Java\javapath;C:\Program Files (x86)\Common Files\Microsoft Shared\Windows Live;C:\Windows\system32;C:\Windows;C:\Windows\System32\Wbem;C:\Windows\System32\WindowsPowerShell\v1.0\;C:\Program Files\Microsoft SQL Server\110\Tools\Binn\;C:\Program Files (x86)\Microsoft SQL Server\110\Tools\Binn\;C:\Program Files\Microsoft SQL Server\110\DTS\Binn\;C:\Program Files (x86)\Microsoft SQL Server\110\Tools\Binn\ManagementStudio\;C:\Program Files (x86)\Microsoft Visual Studio 10.0\Common7\IDE\PrivateAssemblies\;C:\Program Files (x86)\Microsoft SQL Server\110\DTS\Binn\;E:\JAVA\bin;C:\Program Files (x86)\NVIDIA Corporation\PhysX\Common;E:\pythons\python;C:\Program Files (x86)\GtkSharp\2.12\bin;C:\Progr;.C:\Program Files\Java\jdk1.8.0_102\bin;C:\Program Files\Java\jdk1.8.0_102\jre\bin;E:\Mysql\Maven\apache-maven-3.5.4\bin;E:\Mysql\redis\Redis-x64-3.2.100;C:\Program Files\Common Files\Microsoft Shared\Windows Live;E:\Mysql\mysql-5.6.39-winx64\bin;E:\Spring tool suite\spring-tool-suite-3.9.4.RELEASE-e4.7.3a-win32-x86_64\sts-bundle\sts-3.9.4.RELEASE;;.]
2018-11-26 09:58:51.924  INFO 51432 --- [main] o.a.c.c.C.[Tomcat].[localhost].[/]       : Initializing Spring embedded WebApplicationContext
2018-11-26 09:58:51.924  INFO 51432 --- [main] o.s.web.context.ContextLoader            : Root WebApplicationContext: initialization completed in 1545 ms
2018-11-26 09:58:51.947  INFO 51432 --- [main] o.s.b.w.servlet.ServletRegistrationBean  : Servlet dispatcherServlet mapped to [/]
2018-11-26 09:58:51.952  INFO 51432 --- [main] o.s.b.w.servlet.FilterRegistrationBean   : Mapping filter: 'characterEncodingFilter' to: [/*]
2018-11-26 09:58:51.952  INFO 51432 --- [main] o.s.b.w.servlet.FilterRegistrationBean   : Mapping filter: 'hiddenHttpMethodFilter' to: [/*]
2018-11-26 09:58:51.952  INFO 51432 --- [main] o.s.b.w.servlet.FilterRegistrationBean   : Mapping filter: 'formContentFilter' to: [/*]
2018-11-26 09:58:51.953  INFO 51432 --- [main] o.s.b.w.servlet.FilterRegistrationBean   : Mapping filter: 'requestContextFilter' to: [/*]
2018-11-26 09:58:52.403  INFO 51432 --- [main] o.s.s.concurrent.ThreadPoolTaskExecutor  : Initializing ExecutorService 'applicationTaskExecutor'
2018-11-26 09:58:52.812  INFO 51432 --- [main] o.s.b.w.embedded.tomcat.TomcatWebServer  : Tomcat started on port(s): 8888 (http) with context path ''
2018-11-26 09:58:52.815  INFO 51432 --- [main] com.doHelp.DoHelpProjectApplication      : Started DoHelpProjectApplication in 2.894 seconds (JVM running for 3.751)
2018-11-26 09:59:11.062  INFO 51432 --- [http-nio-8888-exec-1] o.a.c.c.C.[Tomcat].[localhost].[/]       : Initializing Spring DispatcherServlet 'dispatcherServlet'
2018-11-26 09:59:11.063  INFO 51432 --- [http-nio-8888-exec-1] o.s.web.servlet.DispatcherServlet        : Initializing Servlet 'dispatcherServlet'
2018-11-26 09:59:11.070  INFO 51432 --- [http-nio-8888-exec-1] o.s.web.servlet.DispatcherServlet        : Completed initialization in 7 ms
2018-11-26 09:59:11.124  WARN 51432 --- [http-nio-8888-exec-1] o.s.web.servlet.PageNotFound             : No mapping for GET /
2018-11-26 09:59:11.233  INFO 51432 --- [http-nio-8888-exec-1] com.doHelp.interceptors.MyInterceptor    : ------:跳转到login页面！
2018-11-26 09:59:11.234  INFO 51432 --- [http-nio-8888-exec-1] com.doHelp.interceptors.MyInterceptor    : ------preHandle------
2018-11-26 09:59:11.683  INFO 51432 --- [http-nio-8888-exec-3] com.doHelp.interceptors.MyInterceptor    : ------:跳转到login页面！
2018-11-26 09:59:11.683  INFO 51432 --- [http-nio-8888-exec-3] com.doHelp.interceptors.MyInterceptor    : ------preHandle------
2018-11-26 09:59:17.180  INFO 51432 --- [http-nio-8888-exec-5] io.lettuce.core.EpollProvider            : Starting without optional epoll library
2018-11-26 09:59:17.186  INFO 51432 --- [http-nio-8888-exec-5] io.lettuce.core.KqueueProvider           : Starting without optional kqueue library
